Arguments: 
  C:\Program Files\nodejs\node.exe C:\Users\Hawkeye\AppData\Roaming\npm\node_modules\yarn\bin\yarn.js

PATH: 
  C:\Program Files (x86)\Common Files\Intel\Shared Files\cpp\bin\Intel64;C:\Program Files (x86)\Common Files\Intel\Shared Libraries\redist\intel64\compiler;C:\ProgramData\Anaconda3;C:\ProgramData\Anaconda3\Library\mingw-w64\bin;C:\ProgramData\Anaconda3\Library\usr\bin;C:\ProgramData\Anaconda3\Library\bin;C:\ProgramData\Anaconda3\Scripts;C:\app\Hawkeye\product\11.2.0\dbhome_1\bin;C:\Program Files (x86)\Common Files\Oracle\Java\javapath;c:\windows\system32;c:\windows;c:\windows\system32\wbem;c:\windows\system32\windowspowershell\v1.0\;c:\windows\system32\openssh\;c:\php;c:\apache24;c:\apache24\bin;C:\Program Files (x86)\NVIDIA Corporation\PhysX\Common;C:\metasploit-framework\bin\;C:\Users\Hawkeye\AppData\Local\Microsoft\WindowsApps;C:\Program Files (x86)\Nmap;C:\adb;C:\Program Files\MongoDB\Server\4.0\bin;C:\Program Files\Microsoft VS Code\bin;C:\WINDOWS\system32;C:\WINDOWS;C:\WINDOWS\System32\Wbem;C:\WINDOWS\System32\WindowsPowerShell\v1.0\;C:\WINDOWS\System32\OpenSSH\;C:\Program Files\Java\jdk1.8.0_172\bin;C:\Program Files\NVIDIA Corporation\NVIDIA NvDLISR;C:\Users\Hawkeye\AppData\Local\Android\Sdk\platform-tools;C:\Users\Hawkeye\AppData\Local\Android\Sdk;C:\app\Hawkeye\product\11.2.0\dbhome_1;C:\WINDOWS\system32;C:\WINDOWS;C:\WINDOWS\System32\Wbem;C:\WINDOWS\System32\WindowsPowerShell\v1.0\;C:\WINDOWS\System32\OpenSSH\;C:\app\Hawkeye\product\11.2.0\dbhome_1\BIN;C:\ProgramData\chocolatey\bin;C:\flutter\bin;C:\flutter;C:\Program Files\PuTTY\;C:\Program Files\nodejs\;C:\Program Files\Git\cmd;C:\Users\Hawkeye\AppData\Local\Programs\Python\Python37\Scripts\;C:\Users\Hawkeye\AppData\Local\Programs\Python\Python37\;C:\Users\Hawkeye\AppData\Local\Microsoft\WindowsApps;C:\Program Files (x86)\Nmap;C:\Users\Hawkeye\AppData\Roaming\npm;C:\Users\Hawkeye\AppData\Local\GitHubDesktop\bin

Yarn version: 
  1.12.3

Node version: 
  14.4.0

Platform: 
  win32 x64

Trace: 
  Error: Client network socket disconnected before secure TLS connection was established
      at connResetException (internal/errors.js:614:14)
      at TLSSocket.onConnectEnd (_tls_wrap.js:1543:19)
      at TLSSocket.emit (events.js:327:22)
      at endReadableNT (_stream_readable.js:1224:12)
      at processTicksAndRejections (internal/process/task_queues.js:84:21)

npm manifest: 
  {
    "name": "finalprojectv2",
    "version": "1.0.0",
    "description": "final project of web technologies",
    "main": "app.js",
    "scripts": {
      "test": "echo \"Error: no test specified\" && exit 1"
    },
    "author": "",
    "license": "ISC",
    "dependencies": {
      "bcrypt-nodejs": "0.0.3",
      "body-parser": "^1.18.3",
      "connect-busboy": "0.0.2",
      "connect-flash": "^0.1.1",
      "cookie-parser": "^1.4.3",
      "cors": "^2.8.5",
      "crypto": "^1.0.1",
      "express": "^4.16.4",
      "express-jwt": "^5.3.1",
      "express-session": "^1.15.6",
      "faker": "^4.1.0",
      "jsonwebtoken": "^8.4.0",
      "mongoose": "^5.3.12",
      "multer": "^1.4.2",
      "nodemon": "^1.18.6",
      "passport": "^0.4.0",
      "passport-jwt": "^4.0.0",
      "passport-local": "^1.0.0",
      "socket.io": "^2.2.0"
    },
    "devDependencies": {}
  }

yarn manifest: 
  No manifest

Lockfile: 
  No lockfile
